0 info it worked if it ends with ok
1 verbose cli [ '/usr/local/Cellar/node/7.4.0/bin/node',
1 verbose cli   '/usr/local/bin/npm',
1 verbose cli   'run',
1 verbose cli   'postinstall' ]
2 info using npm@4.0.5
3 info using node@v7.4.0
4 verbose run-script [ 'postinstall' ]
5 info lifecycle nyt_archive_browser@1.0.0~postinstall: nyt_archive_browser@1.0.0
6 verbose lifecycle nyt_archive_browser@1.0.0~postinstall: unsafe-perm in lifecycle true
7 verbose lifecycle nyt_archive_browser@1.0.0~postinstall: PATH: /usr/local/lib/node_modules/npm/bin/node-gyp-bin:/Users/tobiasweiss/sandbox/nyt_archive_browser/node_modules/.bin:/Users/tobiasweiss/android-sdk-macosx/platform-tools:/Users/tobiasweiss/usr/bin:/usr/local/bin:/usr/bin:/bin:/usr/sbin:/sbin:/Applications/Postgres.app/Contents/Versions/latest/bin:/usr/local/bin:/usr/bin:/bin:/usr/sbin:/sbin:/usr/local/MacGPG2/bin:/Library/TeX/texbin
8 verbose lifecycle nyt_archive_browser@1.0.0~postinstall: CWD: /Users/tobiasweiss/sandbox/nyt_archive_browser
9 silly lifecycle nyt_archive_browser@1.0.0~postinstall: Args: [ '-c', 'npm run build-production' ]
10 silly lifecycle nyt_archive_browser@1.0.0~postinstall: Returned: code: 1  signal: null
11 info lifecycle nyt_archive_browser@1.0.0~postinstall: Failed to exec postinstall script
12 verbose stack Error: nyt_archive_browser@1.0.0 postinstall: `npm run build-production`
12 verbose stack Exit status 1
12 verbose stack     at EventEmitter.<anonymous> (/usr/local/lib/node_modules/npm/lib/utils/lifecycle.js:279:16)
12 verbose stack     at emitTwo (events.js:106:13)
12 verbose stack     at EventEmitter.emit (events.js:191:7)
12 verbose stack     at ChildProcess.<anonymous> (/usr/local/lib/node_modules/npm/lib/utils/spawn.js:40:14)
12 verbose stack     at emitTwo (events.js:106:13)
12 verbose stack     at ChildProcess.emit (events.js:191:7)
12 verbose stack     at maybeClose (internal/child_process.js:885:16)
12 verbose stack     at Process.ChildProcess._handle.onexit (internal/child_process.js:226:5)
13 verbose pkgid nyt_archive_browser@1.0.0
14 verbose cwd /Users/tobiasweiss/sandbox/nyt_archive_browser
15 error Darwin 16.4.0
16 error argv "/usr/local/Cellar/node/7.4.0/bin/node" "/usr/local/bin/npm" "run" "postinstall"
17 error node v7.4.0
18 error npm  v4.0.5
19 error code ELIFECYCLE
20 error nyt_archive_browser@1.0.0 postinstall: `npm run build-production`
20 error Exit status 1
21 error Failed at the nyt_archive_browser@1.0.0 postinstall script 'npm run build-production'.
21 error Make sure you have the latest version of node.js and npm installed.
21 error If you do, this is most likely a problem with the nyt_archive_browser package,
21 error not with npm itself.
21 error Tell the author that this fails on your system:
21 error     npm run build-production
21 error You can get information on how to open an issue for this project with:
21 error     npm bugs nyt_archive_browser
21 error Or if that isn't available, you can get their info via:
21 error     npm owner ls nyt_archive_browser
21 error There is likely additional logging output above.
22 verbose exit [ 1, true ]
